CRITICAL - 2022-02-28 15:55:22 --> Call to undefined method CodeIgniter\View\View::extends()
#0 C:\laragon\www\AdminLTE\system\View\View.php(210): include()
#1 C:\laragon\www\AdminLTE\system\View\View.php(213): CodeIgniter\View\View->CodeIgniter\View\{closure}()
#2 C:\laragon\www\AdminLTE\system\Common.php(1089): CodeIgniter\View\View->render('dashboard/index', Array, true)
#3 C:\laragon\www\AdminLTE\app\Controllers\Dashboard.php(9): view('dashboard/index')
#4 C:\laragon\www\AdminLTE\system\CodeIgniter.php(825): App\Controllers\Dashboard->index()
#5 C:\laragon\www\AdminLTE\system\CodeIgniter.php(412): CodeIgniter\CodeIgniter->runController(Object(App\Controllers\Dashboard))
#6 C:\laragon\www\AdminLTE\system\CodeIgniter.php(320): CodeIgniter\CodeIgniter->handleRequest(NULL, Object(Config\Cache), false)
#7 C:\laragon\www\AdminLTE\public\index.php(37): CodeIgniter\CodeIgniter->run()
#8 {main}
CRITICAL - 2022-02-28 15:57:09 --> Call to undefined method CodeIgniter\View\View::extends()
#0 C:\laragon\www\AdminLTE\system\View\View.php(210): include()
#1 C:\laragon\www\AdminLTE\system\View\View.php(213): CodeIgniter\View\View->CodeIgniter\View\{closure}()
#2 C:\laragon\www\AdminLTE\system\Common.php(1089): CodeIgniter\View\View->render('dashboard/index', Array, true)
#3 C:\laragon\www\AdminLTE\app\Controllers\Dashboard.php(9): view('dashboard/index')
#4 C:\laragon\www\AdminLTE\system\CodeIgniter.php(825): App\Controllers\Dashboard->index()
#5 C:\laragon\www\AdminLTE\system\CodeIgniter.php(412): CodeIgniter\CodeIgniter->runController(Object(App\Controllers\Dashboard))
#6 C:\laragon\www\AdminLTE\system\CodeIgniter.php(320): CodeIgniter\CodeIgniter->handleRequest(NULL, Object(Config\Cache), false)
#7 C:\laragon\www\AdminLTE\public\index.php(37): CodeIgniter\CodeIgniter->run()
#8 {main}
CRITICAL - 2022-02-28 15:57:33 --> Call to undefined method CodeIgniter\View\View::extends()
#0 C:\laragon\www\AdminLTE\system\View\View.php(210): include()
#1 C:\laragon\www\AdminLTE\system\View\View.php(213): CodeIgniter\View\View->CodeIgniter\View\{closure}()
#2 C:\laragon\www\AdminLTE\system\Common.php(1089): CodeIgniter\View\View->render('dashboard/index', Array, true)
#3 C:\laragon\www\AdminLTE\app\Controllers\Dashboard.php(9): view('dashboard/index')
#4 C:\laragon\www\AdminLTE\system\CodeIgniter.php(825): App\Controllers\Dashboard->index()
#5 C:\laragon\www\AdminLTE\system\CodeIgniter.php(412): CodeIgniter\CodeIgniter->runController(Object(App\Controllers\Dashboard))
#6 C:\laragon\www\AdminLTE\system\CodeIgniter.php(320): CodeIgniter\CodeIgniter->handleRequest(NULL, Object(Config\Cache), false)
#7 C:\laragon\www\AdminLTE\public\index.php(37): CodeIgniter\CodeIgniter->run()
#8 {main}
CRITICAL - 2022-02-28 15:57:35 --> Call to undefined method CodeIgniter\View\View::extends()
#0 C:\laragon\www\AdminLTE\system\View\View.php(210): include()
#1 C:\laragon\www\AdminLTE\system\View\View.php(213): CodeIgniter\View\View->CodeIgniter\View\{closure}()
#2 C:\laragon\www\AdminLTE\system\Common.php(1089): CodeIgniter\View\View->render('dashboard/index', Array, true)
#3 C:\laragon\www\AdminLTE\app\Controllers\Dashboard.php(9): view('dashboard/index')
#4 C:\laragon\www\AdminLTE\system\CodeIgniter.php(825): App\Controllers\Dashboard->index()
#5 C:\laragon\www\AdminLTE\system\CodeIgniter.php(412): CodeIgniter\CodeIgniter->runController(Object(App\Controllers\Dashboard))
#6 C:\laragon\www\AdminLTE\system\CodeIgniter.php(320): CodeIgniter\CodeIgniter->handleRequest(NULL, Object(Config\Cache), false)
#7 C:\laragon\www\AdminLTE\public\index.php(37): CodeIgniter\CodeIgniter->run()
#8 {main}
CRITICAL - 2022-02-28 15:57:36 --> Call to undefined method CodeIgniter\View\View::extends()
#0 C:\laragon\www\AdminLTE\system\View\View.php(210): include()
#1 C:\laragon\www\AdminLTE\system\View\View.php(213): CodeIgniter\View\View->CodeIgniter\View\{closure}()
#2 C:\laragon\www\AdminLTE\system\Common.php(1089): CodeIgniter\View\View->render('dashboard/index', Array, true)
#3 C:\laragon\www\AdminLTE\app\Controllers\Dashboard.php(9): view('dashboard/index')
#4 C:\laragon\www\AdminLTE\system\CodeIgniter.php(825): App\Controllers\Dashboard->index()
#5 C:\laragon\www\AdminLTE\system\CodeIgniter.php(412): CodeIgniter\CodeIgniter->runController(Object(App\Controllers\Dashboard))
#6 C:\laragon\www\AdminLTE\system\CodeIgniter.php(320): CodeIgniter\CodeIgniter->handleRequest(NULL, Object(Config\Cache), false)
#7 C:\laragon\www\AdminLTE\public\index.php(37): CodeIgniter\CodeIgniter->run()
#8 {main}
